#
# A fatal error has been detected by the Java Runtime Environment:
#
#  EXCEPTION_ACCESS_VIOLATION (0xc0000005) at pc=0x0000000067bbbce0, pid=2540, tid=6452
#
# JRE version: Java(TM) SE Runtime Environment (9.0+11) (build 9.0.4+11)
# Java VM: Java HotSpot(TM) 64-Bit Server VM (9.0.4+11, mixed mode, tiered, compressed oops, g1 gc, windows-amd64)
# Problematic frame:
# V  [jvm.dll+0x32bce0]
#
# No core dump will be written. Minidumps are not enabled by default on client versions of Windows
#
# If you would like to submit a bug report, please visit:
#   http://bugreport.java.com/bugreport/crash.jsp
#

---------------  S U M M A R Y ------------

Command Line: -agentlib:jdwp=transport=dt_socket,address=127.0.0.1:62524,suspend=y,server=n -javaagent:C:\Users\stu\.IdeaIC2017.3\system\captureAgent\debugger-agent.jar=C:\Users\stu\AppData\Local\Temp\capture.props -Dfile.encoding=UTF-8 com.company.Main

Host: Intel(R) Core(TM) i5-6500 CPU @ 3.20GHz, 4 cores, 7G,  Windows 10 , 64 bit Build 17134 (10.0.17134.706)
Time: Tue Jul 16 12:29:58 2019 Jerusalem Summer Time elapsed time: 167 seconds (0d 0h 2m 47s)

---------------  T H R E A D  ---------------

Current thread (0x000002a2d77de000):  VMThread "VM Thread" [stack: 0x000000b999a00000,0x000000b999b00000] [id=6452]

Stack: [0x000000b999a00000,0x000000b999b00000],  sp=0x000000b999afeb90,  free space=1018k
Native frames: (J=compiled Java code, j=interpreted, Vv=VM code, C=native code)
V  [jvm.dll+0x32bce0]
V  [jvm.dll+0x327698]
V  [jvm.dll+0x341f4f]
V  [jvm.dll+0x34516d]
V  [jvm.dll+0x296ab0]
V  [jvm.dll+0x296ba9]
V  [jvm.dll+0x2f8791]
V  [jvm.dll+0x2f4b6a]
V  [jvm.dll+0x2f3e39]
V  [jvm.dll+0x2f3293]
V  [jvm.dll+0x5784ff]
V  [jvm.dll+0x57880c]
V  [jvm.dll+0x5786b3]
V  [jvm.dll+0x578eac]
V  [jvm.dll+0x5470aa]
V  [jvm.dll+0x465311]
V  [jvm.dll+0x6a366b]
V  [jvm.dll+0x6a1e05]
V  [jvm.dll+0x6a25e1]
V  [jvm.dll+0x6a28cc]
V  [jvm.dll+0x586490]
C  [msvcr120.dll+0x24f7f]
C  [msvcr120.dll+0x25126]
C  [KERNEL32.DLL+0x14034]
C  [ntdll.dll+0x73691]


siginfo: EXCEPTION_ACCESS_VIOLATION (0xc0000005), writing address 0x000000020016000c


Register to memory mapping:

RIP=0x0000000067bbbce0 jvm.dll
RAX=0x0000000200160000 is an unknown value
RBX=0x000002a2d77de000 is an unknown value
RCX=0x00000001000016d0 is pointing into metadata
RDX=0x0000000200160000 is an unknown value
RSP=0x000000b999afeb90 is an unknown value
RBP=0x0000000000000003 is an unknown value
RSI=0x000000b999afec50 is an unknown value
RDI=0x0000000000000000 is an unknown value
R8 =0x000002a2d77de000 is an unknown value
R9 =0x0000000200160000 is an unknown value
R10=0x000000000000006e is an unknown value
R11=0x000000000000006e is an unknown value
R12=0x000000b999aff440 is an unknown value
R13=0x00000000000003d8 is an unknown value
R14=0x000000000000004c is an unknown value
R15=0x0000000000000001 is an unknown value


Registers:
RAX=0x0000000200160000, RBX=0x000002a2d77de000, RCX=0x00000001000016d0, RDX=0x0000000200160000
RSP=0x000000b999afeb90, RBP=0x0000000000000003, RSI=0x000000b999afec50, RDI=0x0000000000000000
R8 =0x000002a2d77de000, R9 =0x0000000200160000, R10=0x000000000000006e, R11=0x000000000000006e
R12=0x000000b999aff440, R13=0x00000000000003d8, R14=0x000000000000004c, R15=0x0000000000000001
RIP=0x0000000067bbbce0, EFLAGS=0x0000000000010246

Top of Stack: (sp=0x000000b999afeb90)
0x000000b999afeb90:   00000001000016d0 0000000067e8fa08
0x000000b999afeba0:   4fffffff4fffffff 000002a2d77de000
0x000000b999afebb0:   0000000000000000 0000000067bb7698
0x000000b999afebc0:   00000001000016d0 000002a2d77de000
0x000000b999afebd0:   000000b999afec50 000002a2d77de000
0x000000b999afebe0:   000000b999afecc0 0000000067bd1f4f
0x000000b999afebf0:   000002a2d77de000 0000000000000000
0x000000b999afec00:   000000006802ca20 000002a2d6e97cc0
0x000000b999afec10:   0000000000000000 000002a2d6e936e0
0x000000b999afec20:   000000b999afecc0 0000000067bd516d
0x000000b999afec30:   0000000000000000 000000b999afee20
0x000000b999afec40:   000000000000004c 2fffffff4fffffff
0x000000b999afec50:   000000004fffffff 0000000000000000
0x000000b999afec60:   000002a2d77de000 000000b999afee20
0x000000b999afec70:   0000000000000000 0000000067b26ab0
0x000000b999afec80:   000000b999afee10 0000000000000001 

Instructions: (pc=0x0000000067bbbce0)
0x0000000067bbbcc0:   8b d8 e8 a9 88 d8 ff 48 83 7b 08 00 4c 8b c8 74
0x0000000067bbbcd0:   04 33 ff eb 23 80 3d 39 bd 62 00 00 74 05 33 ff
0x0000000067bbbce0:   89 78 0c 48 8d 4d fe 48 8d 78 10 48 85 c9 74 05
0x0000000067bbbcf0:   33 c0 f3 48 ab 49 8b f9 48 83 7b 08 00 48 8b 74 


VM_Operation (0x000000b99a4ff210): GetOrSetLocal, mode: safepoint, requested by thread 0x000002a2d7b28000


---------------  P R O C E S S  ---------------

Java Threads: ( => current thread )
  0x000002a2d7b93000 JavaThread "Service Thread" daemon [_thread_blocked, id=12428, stack(0x000000b99a700000,0x000000b99a800000)]
  0x000002a2d7b41800 JavaThread "JDWP Command Reader" daemon [_thread_in_native, id=7960, stack(0x000000b99a600000,0x000000b99a700000)]
  0x000002a2d7b3e800 JavaThread "JDWP Event Helper Thread" daemon [_thread_blocked, id=7952, stack(0x000000b99a500000,0x000000b99a600000)]
  0x000002a2d7b28000 JavaThread "JDWP Transport Listener: dt_socket" daemon [_thread_blocked, id=10480, stack(0x000000b99a400000,0x000000b99a500000)]
  0x000002a2d78cb800 JavaThread "Common-Cleaner" daemon [_thread_blocked, id=3156, stack(0x000000b99a300000,0x000000b99a400000)]
  0x000002a2d78ba000 JavaThread "Sweeper thread" daemon [_thread_blocked, id=11524, stack(0x000000b99a200000,0x000000b99a300000)]
  0x000002a2d78b1000 JavaThread "C1 CompilerThread2" daemon [_thread_blocked, id=11588, stack(0x000000b99a100000,0x000000b99a200000)]
  0x000002a2d78a4000 JavaThread "C2 CompilerThread1" daemon [_thread_blocked, id=11036, stack(0x000000b99a000000,0x000000b99a100000)]
  0x000002a2d783d000 JavaThread "C2 CompilerThread0" daemon [_thread_blocked, id=12028, stack(0x000000b999f00000,0x000000b99a000000)]
  0x000002a2d77ee800 JavaThread "Attach Listener" daemon [_thread_blocked, id=12024, stack(0x000000b999e00000,0x000000b999f00000)]
  0x000002a2d783b800 JavaThread "Signal Dispatcher" daemon [_thread_blocked, id=12224, stack(0x000000b999d00000,0x000000b999e00000)]
  0x000002a2d77f6000 JavaThread "Finalizer" daemon [_thread_blocked, id=9928, stack(0x000000b999c00000,0x000000b999d00000)]
  0x000002a2d77f4000 JavaThread "Reference Handler" daemon [_thread_blocked, id=7624, stack(0x000000b999b00000,0x000000b999c00000)]
  0x000002a2b4432000 JavaThread "main" [_thread_blocked, id=9404, stack(0x000000b998e00000,0x000000b998f00000)]

Other Threads:
=>0x000002a2d77de000 VMThread "VM Thread" [stack: 0x000000b999a00000,0x000000b999b00000] [id=6452]
  0x000002a2d7b94800 WatcherThread [stack: 0x000000b99a800000,0x000000b99a900000] [id=12404]
  0x000002a2b4449000 GCTaskThread "GC Thread#0" [stack: 0x000000b998f00000,0x000000b999000000] [id=7536]
  0x000002a2b444a800 GCTaskThread "GC Thread#1" [stack: 0x000000b999000000,0x000000b999100000] [id=4548]
  0x000002a2b444c000 GCTaskThread "GC Thread#2" [stack: 0x000000b999100000,0x000000b999200000] [id=9304]
  0x000002a2b444e000 GCTaskThread "GC Thread#3" [stack: 0x000000b999200000,0x000000b999300000] [id=7564]
  0x000002a2b44be800 ConcurrentGCThread "G1 Main Marker" [stack: 0x000000b999800000,0x000000b999900000] [id=4948]
  0x000002a2b44bf800 ConcurrentGCThread "G1 Marker#0" [stack: 0x000000b999900000,0x000000b999a00000] [id=6432]
  0x000002a2b4456800 ConcurrentGCThread "G1 Refine#0" [stack: 0x000000b999600000,0x000000b999700000] [id=12040]
  0x000002a2b4454000 ConcurrentGCThread "G1 Refine#1" [stack: 0x000000b999500000,0x000000b999600000] [id=2732]
  0x000002a2b4453000 ConcurrentGCThread "G1 Refine#2" [stack: 0x000000b999400000,0x000000b999500000] [id=1708]
  0x000002a2b444f800 ConcurrentGCThread "G1 Refine#3" [stack: 0x000000b999300000,0x000000b999400000] [id=7976]
  0x000002a2b4458000 ConcurrentGCThread "G1 Young RemSet Sampling" [stack: 0x000000b999700000,0x000000b999800000] [id=12568]

Threads with active compile tasks:

VM state:at safepoint (normal execution)

VM Mutex/Monitor currently owned by a thread:  ([mutex/lock_event])
[0x000002a2b44305a0] Threads_lock - owner thread: 0x000002a2d77de000

Heap address: 0x0000000081c00000, size: 2020 MB, Compressed Oops mode: 32-bit
Narrow klass base: 0x0000000000000000, Narrow klass shift: 3
Compressed class space size: 1073741824 Address: 0x0000000100000000

Heap:
 garbage-first heap   total 131072K, used 3072K [0x0000000081c00000, 0x0000000081d00400, 0x0000000100000000)
  region size 1024K, 4 young (4096K), 0 survivors (0K)
 Metaspace       used 5047K, capacity 5124K, committed 5376K, reserved 1056768K
  class space    used 446K, capacity 496K, committed 512K, reserved 1048576K
Heap Regions: E=young(eden), S=young(survivor), O=old, HS=humongous(starts), HC=humongous(continues), CS=collection set, F=free, A=archive, TS=gc time stamp, AC=allocation context, TAMS=top-at-mark-start (previous, next)
|   0|0x0000000081c00000, 0x0000000081c00000, 0x0000000081d00000|  0%| F|  |TS  0|AC  0|TAMS 0x0000000081c00000, 0x0000000081c00000|
|   1|0x0000000081d00000, 0x0000000081d00000, 0x0000000081e00000|  0%| F|  |TS  0|AC  0|TAMS 0x0000000081d00000, 0x0000000081d00000|
|   2|0x0000000081e00000, 0x0000000081e00000, 0x0000000081f00000|  0%| F|  |TS  0|AC  0|TAMS 0x0000000081e00000, 0x0000000081e00000|
|   3|0x0000000081f00000, 0x0000000081f00000, 0x0000000082000000|  0%| F|  |TS  0|AC  0|TAMS 0x0000000081f00000, 0x0000000081f00000|
|   4|0x0000000082000000, 0x0000000082000000, 0x0000000082100000|  0%| F|  |TS  0|AC  0|TAMS 0x0000000082000000, 0x0000000082000000|
|   5|0x0000000082100000, 0x0000000082100000, 0x0000000082200000|  0%| F|  |TS  0|AC  0|TAMS 0x0000000082100000, 0x0000000082100000|
|   6|0x0000000082200000, 0x0000000082200000, 0x0000000082300000|  0%| F|  |TS  0|AC  0|TAMS 0x0000000082200000, 0x0000000082200000|
|   7|0x0000000082300000, 0x0000000082300000, 0x0000000082400000|  0%| F|  |TS  0|AC  0|TAMS 0x0000000082300000, 0x0000000082300000|
|   8|0x0000000082400000, 0x0000000082400000, 0x0000000082500000|  0%| F|  |TS  0|AC  0|TAMS 0x0000000082400000, 0x0000000082400000|
|   9|0x0000000082500000, 0x0000000082500000, 0x0000000082600000|  0%| F|  |TS  0|AC  0|TAMS 0x0000000082500000, 0x0000000082500000|
|  10|0x0000000082600000, 0x0000000082600000, 0x0000000082700000|  0%| F|  |TS  0|AC  0|TAMS 0x0000000082600000, 0x0000000082600000|
|  11|0x0000000082700000, 0x0000000082700000, 0x0000000082800000|  0%| F|  |TS  0|AC  0|TAMS 0x0000000082700000, 0x0000000082700000|
|  12|0x0000000082800000, 0x0000000082800000, 0x0000000082900000|  0%| F|  |TS  0|AC  0|TAMS 0x0000000082800000, 0x0000000082800000|
|  13|0x0000000082900000, 0x0000000082900000, 0x0000000082a00000|  0%| F|  |TS  0|AC  0|TAMS 0x0000000082900000, 0x0000000082900000|
|  14|0x0000000082a00000, 0x0000000082a00000, 0x0000000082b00000|  0%| F|  |TS  0|AC  0|TAMS 0x0000000082a00000, 0x0000000082a00000|
|  15|0x0000000082b00000, 0x0000000082b00000, 0x0000000082c00000|  0%| F|  |TS  0|AC  0|TAMS 0x0000000082b00000, 0x0000000082b00000|
|  16|0x0000000082c00000, 0x0000000082c00000, 0x0000000082d00000|  0%| F|  |TS  0|AC  0|TAMS 0x0000000082c00000, 0x0000000082c00000|
|  17|0x0000000082d00000, 0x0000000082d00000, 0x0000000082e00000|  0%| F|  |TS  0|AC  0|TAMS 0x0000000082d00000, 0x0000000082d00000|
|  18|0x0000000082e00000, 0x0000000082e00000, 0x0000000082f00000|  0%| F|  |TS  0|AC  0|TAMS 0x0000000082e00000, 0x0000000082e00000|
|  19|0x0000000082f00000, 0x0000000082f00000, 0x0000000083000000|  0%| F|  |TS  0|AC  0|TAMS 0x0000000082f00000, 0x0000000082f00000|
|  20|0x0000000083000000, 0x0000000083000000, 0x0000000083100000|  0%| F|  |TS  0|AC  0|TAMS 0x0000000083000000, 0x0000000083000000|
|  21|0x0000000083100000, 0x0000000083100000, 0x0000000083200000|  0%| F|  |TS  0|AC  0|TAMS 0x0000000083100000, 0x0000000083100000|
|  22|0x0000000083200000, 0x0000000083200000, 0x0000000083300000|  0%| F|  |TS  0|AC  0|TAMS 0x0000000083200000, 0x0000000083200000|
|  23|0x0000000083300000, 0x0000000083300000, 0x0000000083400000|  0%| F|  |TS  0|AC  0|TAMS 0x0000000083300000, 0x0000000083300000|
|  24|0x0000000083400000, 0x0000000083400000, 0x0000000083500000|  0%| F|  |TS  0|AC  0|TAMS 0x0000000083400000, 0x0000000083400000|
|  25|0x0000000083500000, 0x0000000083500000, 0x0000000083600000|  0%| F|  |TS  0|AC  0|TAMS 0x0000000083500000, 0x0000000083500000|
|  26|0x0000000083600000, 0x0000000083600000, 0x0000000083700000|  0%| F|  |TS  0|AC  0|TAMS 0x0000000083600000, 0x0000000083600000|
|  27|0x0000000083700000, 0x0000000083700000, 0x0000000083800000|  0%| F|  |TS  0|AC  0|TAMS 0x0000000083700000, 0x0000000083700000|
|  28|0x0000000083800000, 0x0000000083800000, 0x0000000083900000|  0%| F|  |TS  0|AC  0|TAMS 0x0000000083800000, 0x0000000083800000|
|  29|0x0000000083900000, 0x0000000083900000, 0x0000000083a00000|  0%| F|  |TS  0|AC  0|TAMS 0x0000000083900000, 0x0000000083900000|
|  30|0x0000000083a00000, 0x0000000083a00000, 0x0000000083b00000|  0%| F|  |TS  0|AC  0|TAMS 0x0000000083a00000, 0x0000000083a00000|
|  31|0x0000000083b00000, 0x0000000083b00000, 0x0000000083c00000|  0%| F|  |TS  0|AC  0|TAMS 0x0000000083b00000, 0x0000000083b00000|
|  32|0x0000000083c00000, 0x0000000083c00000, 0x0000000083d00000|  0%| F|  |TS  0|AC  0|TAMS 0x0000000083c00000, 0x0000000083c00000|
|  33|0x0000000083d00000, 0x0000000083d00000, 0x0000000083e00000|  0%| F|  |TS  0|AC  0|TAMS 0x0000000083d00000, 0x0000000083d00000|
|  34|0x0000000083e00000, 0x0000000083e00000, 0x0000000083f00000|  0%| F|  |TS  0|AC  0|TAMS 0x0000000083e00000, 0x0000000083e00000|
|  35|0x0000000083f00000, 0x0000000083f00000, 0x0000000084000000|  0%| F|  |TS  0|AC  0|TAMS 0x0000000083f00000, 0x0000000083f00000|
|  36|0x0000000084000000, 0x0000000084000000, 0x0000000084100000|  0%| F|  |TS  0|AC  0|TAMS 0x0000000084000000, 0x0000000084000000|
|  37|0x0000000084100000, 0x0000000084100000, 0x0000000084200000|  0%| F|  |TS  0|AC  0|TAMS 0x0000000084100000, 0x0000000084100000|
|  38|0x0000000084200000, 0x0000000084200000, 0x0000000084300000|  0%| F|  |TS  0|AC  0|TAMS 0x0000000084200000, 0x0000000084200000|
|  39|0x0000000084300000, 0x0000000084300000, 0x0000000084400000|  0%| F|  |TS  0|AC  0|TAMS 0x0000000084300000, 0x0000000084300000|
|  40|0x0000000084400000, 0x0000000084400000, 0x0000000084500000|  0%| F|  |TS  0|AC  0|TAMS 0x0000000084400000, 0x0000000084400000|
|  41|0x0000000084500000, 0x0000000084500000, 0x0000000084600000|  0%| F|  |TS  0|AC  0|TAMS 0x0000000084500000, 0x0000000084500000|
|  42|0x0000000084600000, 0x0000000084600000, 0x0000000084700000|  0%| F|  |TS  0|AC  0|TAMS 0x0000000084600000, 0x0000000084600000|
|  43|0x0000000084700000, 0x0000000084700000, 0x0000000084800000|  0%| F|  |TS  0|AC  0|TAMS 0x0000000084700000, 0x0000000084700000|
|  44|0x0000000084800000, 0x0000000084800000, 0x0000000084900000|  0%| F|  |TS  0|AC  0|TAMS 0x0000000084800000, 0x0000000084800000|
|  45|0x0000000084900000, 0x0000000084900000, 0x0000000084a00000|  0%| F|  |TS  0|AC  0|TAMS 0x0000000084900000, 0x0000000084900000|
|  46|0x0000000084a00000, 0x0000000084a00000, 0x0000000084b00000|  0%| F|  |TS  0|AC  0|TAMS 0x0000000084a00000, 0x0000000084a00000|
|  47|0x0000000084b00000, 0x0000000084b00000, 0x0000000084c00000|  0%| F|  |TS  0|AC  0|TAMS 0x0000000084b00000, 0x0000000084b00000|
|  48|0x0000000084c00000, 0x0000000084c00000, 0x0000000084d00000|  0%| F|  |TS  0|AC  0|TAMS 0x0000000084c00000, 0x0000000084c00000|
|  49|0x0000000084d00000, 0x0000000084d00000, 0x0000000084e00000|  0%| F|  |TS  0|AC  0|TAMS 0x0000000084d00000, 0x0000000084d00000|
|  50|0x0000000084e00000, 0x0000000084e00000, 0x0000000084f00000|  0%| F|  |TS  0|AC  0|TAMS 0x0000000084e00000, 0x0000000084e00000|
|  51|0x0000000084f00000, 0x0000000084f00000, 0x0000000085000000|  0%| F|  |TS  0|AC  0|TAMS 0x0000000084f00000, 0x0000000084f00000|
|  52|0x0000000085000000, 0x0000000085000000, 0x0000000085100000|  0%| F|  |TS  0|AC  0|TAMS 0x0000000085000000, 0x0000000085000000|
|  53|0x0000000085100000, 0x0000000085100000, 0x0000000085200000|  0%| F|  |TS  0|AC  0|TAMS 0x0000000085100000, 0x0000000085100000|
|  54|0x0000000085200000, 0x0000000085200000, 0x0000000085300000|  0%| F|  |TS  0|AC  0|TAMS 0x0000000085200000, 0x0000000085200000|
|  55|0x0000000085300000, 0x0000000085300000, 0x0000000085400000|  0%| F|  |TS  0|AC  0|TAMS 0x0000000085300000, 0x0000000085300000|
|  56|0x0000000085400000, 0x0000000085400000, 0x0000000085500000|  0%| F|  |TS  0|AC  0|TAMS 0x0000000085400000, 0x0000000085400000|
|  57|0x0000000085500000, 0x0000000085500000, 0x0000000085600000|  0%| F|  |TS  0|AC  0|TAMS 0x0000000085500000, 0x0000000085500000|
|  58|0x0000000085600000, 0x0000000085600000, 0x0000000085700000|  0%| F|  |TS  0|AC  0|TAMS 0x0000000085600000, 0x0000000085600000|
|  59|0x0000000085700000, 0x0000000085700000, 0x0000000085800000|  0%| F|  |TS  0|AC  0|TAMS 0x0000000085700000, 0x0000000085700000|
|  60|0x0000000085800000, 0x0000000085800000, 0x0000000085900000|  0%| F|  |TS  0|AC  0|TAMS 0x0000000085800000, 0x0000000085800000|
|  61|0x0000000085900000, 0x0000000085900000, 0x0000000085a00000|  0%| F|  |TS  0|AC  0|TAMS 0x0000000085900000, 0x0000000085900000|
|  62|0x0000000085a00000, 0x0000000085a00000, 0x0000000085b00000|  0%| F|  |TS  0|AC  0|TAMS 0x0000000085a00000, 0x0000000085a00000|
|  63|0x0000000085b00000, 0x0000000085b00000, 0x0000000085c00000|  0%| F|  |TS  0|AC  0|TAMS 0x0000000085b00000, 0x0000000085b00000|
|  64|0x0000000085c00000, 0x0000000085c00000, 0x0000000085d00000|  0%| F|  |TS  0|AC  0|TAMS 0x0000000085c00000, 0x0000000085c00000|
|  65|0x0000000085d00000, 0x0000000085d00000, 0x0000000085e00000|  0%| F|  |TS  0|AC  0|TAMS 0x0000000085d00000, 0x0000000085d00000|
|  66|0x0000000085e00000, 0x0000000085e00000, 0x0000000085f00000|  0%| F|  |TS  0|AC  0|TAMS 0x0000000085e00000, 0x0000000085e00000|
|  67|0x0000000085f00000, 0x0000000085f00000, 0x0000000086000000|  0%| F|  |TS  0|AC  0|TAMS 0x0000000085f00000, 0x0000000085f00000|
|  68|0x0000000086000000, 0x0000000086000000, 0x0000000086100000|  0%| F|  |TS  0|AC  0|TAMS 0x0000000086000000, 0x0000000086000000|
|  69|0x0000000086100000, 0x0000000086100000, 0x0000000086200000|  0%| F|  |TS  0|AC  0|TAMS 0x0000000086100000, 0x0000000086100000|
|  70|0x0000000086200000, 0x0000000086200000, 0x0000000086300000|  0%| F|  |TS  0|AC  0|TAMS 0x0000000086200000, 0x0000000086200000|
|  71|0x0000000086300000, 0x0000000086300000, 0x0000000086400000|  0%| F|  |TS  0|AC  0|TAMS 0x0000000086300000, 0x0000000086300000|
|  72|0x0000000086400000, 0x0000000086400000, 0x0000000086500000|  0%| F|  |TS  0|AC  0|TAMS 0x0000000086400000, 0x0000000086400000|
|  73|0x0000000086500000, 0x0000000086500000, 0x0000000086600000|  0%| F|  |TS  0|AC  0|TAMS 0x0000000086500000, 0x0000000086500000|
|  74|0x0000000086600000, 0x0000000086600000, 0x0000000086700000|  0%| F|  |TS  0|AC  0|TAMS 0x0000000086600000, 0x0000000086600000|
|  75|0x0000000086700000, 0x0000000086700000, 0x0000000086800000|  0%| F|  |TS  0|AC  0|TAMS 0x0000000086700000, 0x0000000086700000|
|  76|0x0000000086800000, 0x0000000086800000, 0x0000000086900000|  0%| F|  |TS  0|AC  0|TAMS 0x0000000086800000, 0x0000000086800000|
|  77|0x0000000086900000, 0x0000000086900000, 0x0000000086a00000|  0%| F|  |TS  0|AC  0|TAMS 0x0000000086900000, 0x0000000086900000|
|  78|0x0000000086a00000, 0x0000000086a00000, 0x0000000086b00000|  0%| F|  |TS  0|AC  0|TAMS 0x0000000086a00000, 0x0000000086a00000|
|  79|0x0000000086b00000, 0x0000000086b00000, 0x0000000086c00000|  0%| F|  |TS  0|AC  0|TAMS 0x0000000086b00000, 0x0000000086b00000|
|  80|0x0000000086c00000, 0x0000000086c00000, 0x0000000086d00000|  0%| F|  |TS  0|AC  0|TAMS 0x0000000086c00000, 0x0000000086c00000|
|  81|0x0000000086d00000, 0x0000000086d00000, 0x0000000086e00000|  0%| F|  |TS  0|AC  0|TAMS 0x0000000086d00000, 0x0000000086d00000|
|  82|0x0000000086e00000, 0x0000000086e00000, 0x0000000086f00000|  0%| F|  |TS  0|AC  0|TAMS 0x0000000086e00000, 0x0000000086e00000|
|  83|0x0000000086f00000, 0x0000000086f00000, 0x0000000087000000|  0%| F|  |TS  0|AC  0|TAMS 0x0000000086f00000, 0x0000000086f00000|
|  84|0x0000000087000000, 0x0000000087000000, 0x0000000087100000|  0%| F|  |TS  0|AC  0|TAMS 0x0000000087000000, 0x0000000087000000|
|  85|0x0000000087100000, 0x0000000087100000, 0x0000000087200000|  0%| F|  |TS  0|AC  0|TAMS 0x0000000087100000, 0x0000000087100000|
|  86|0x0000000087200000, 0x0000000087200000, 0x0000000087300000|  0%| F|  |TS  0|AC  0|TAMS 0x0000000087200000, 0x0000000087200000|
|  87|0x0000000087300000, 0x0000000087300000, 0x0000000087400000|  0%| F|  |TS  0|AC  0|TAMS 0x0000000087300000, 0x0000000087300000|
|  88|0x0000000087400000, 0x0000000087400000, 0x0000000087500000|  0%| F|  |TS  0|AC  0|TAMS 0x0000000087400000, 0x0000000087400000|
|  89|0x0000000087500000, 0x0000000087500000, 0x0000000087600000|  0%| F|  |TS  0|AC  0|TAMS 0x0000000087500000, 0x0000000087500000|
|  90|0x0000000087600000, 0x0000000087600000, 0x0000000087700000|  0%| F|  |TS  0|AC  0|TAMS 0x0000000087600000, 0x0000000087600000|
|  91|0x0000000087700000, 0x0000000087700000, 0x0000000087800000|  0%| F|  |TS  0|AC  0|TAMS 0x0000000087700000, 0x0000000087700000|
|  92|0x0000000087800000, 0x0000000087800000, 0x0000000087900000|  0%| F|  |TS  0|AC  0|TAMS 0x0000000087800000, 0x0000000087800000|
|  93|0x0000000087900000, 0x0000000087900000, 0x0000000087a00000|  0%| F|  |TS  0|AC  0|TAMS 0x0000000087900000, 0x0000000087900000|
|  94|0x0000000087a00000, 0x0000000087a00000, 0x0000000087b00000|  0%| F|  |TS  0|AC  0|TAMS 0x0000000087a00000, 0x0000000087a00000|
|  95|0x0000000087b00000, 0x0000000087b00000, 0x0000000087c00000|  0%| F|  |TS  0|AC  0|TAMS 0x0000000087b00000, 0x0000000087b00000|
|  96|0x0000000087c00000, 0x0000000087c00000, 0x0000000087d00000|  0%| F|  |TS  0|AC  0|TAMS 0x0000000087c00000, 0x0000000087c00000|
|  97|0x0000000087d00000, 0x0000000087d00000, 0x0000000087e00000|  0%| F|  |TS  0|AC  0|TAMS 0x0000000087d00000, 0x0000000087d00000|
|  98|0x0000000087e00000, 0x0000000087e00000, 0x0000000087f00000|  0%| F|  |TS  0|AC  0|TAMS 0x0000000087e00000, 0x0000000087e00000|
|  99|0x0000000087f00000, 0x0000000087f00000, 0x0000000088000000|  0%| F|  |TS  0|AC  0|TAMS 0x0000000087f00000, 0x0000000087f00000|
| 100|0x0000000088000000, 0x0000000088000000, 0x0000000088100000|  0%| F|  |TS  0|AC  0|TAMS 0x0000000088000000, 0x0000000088000000|
| 101|0x0000000088100000, 0x0000000088100000, 0x0000000088200000|  0%| F|  |TS  0|AC  0|TAMS 0x0000000088100000, 0x0000000088100000|
| 102|0x0000000088200000, 0x0000000088200000, 0x0000000088300000|  0%| F|  |TS  0|AC  0|TAMS 0x0000000088200000, 0x0000000088200000|
| 103|0x0000000088300000, 0x0000000088300000, 0x0000000088400000|  0%| F|  |TS  0|AC  0|TAMS 0x0000000088300000, 0x0000000088300000|
| 104|0x0000000088400000, 0x0000000088400000, 0x0000000088500000|  0%| F|  |TS  0|AC  0|TAMS 0x0000000088400000, 0x0000000088400000|
| 105|0x0000000088500000, 0x0000000088500000, 0x0000000088600000|  0%| F|  |TS  0|AC  0|TAMS 0x0000000088500000, 0x0000000088500000|
| 106|0x0000000088600000, 0x0000000088600000, 0x0000000088700000|  0%| F|  |TS  0|AC  0|TAMS 0x0000000088600000, 0x0000000088600000|
| 107|0x0000000088700000, 0x0000000088700000, 0x0000000088800000|  0%| F|  |TS  0|AC  0|TAMS 0x0000000088700000, 0x0000000088700000|
| 108|0x0000000088800000, 0x0000000088800000, 0x0000000088900000|  0%| F|  |TS  0|AC  0|TAMS 0x0000000088800000, 0x0000000088800000|
| 109|0x0000000088900000, 0x0000000088900000, 0x0000000088a00000|  0%| F|  |TS  0|AC  0|TAMS 0x0000000088900000, 0x0000000088900000|
| 110|0x0000000088a00000, 0x0000000088a00000, 0x0000000088b00000|  0%| F|  |TS  0|AC  0|TAMS 0x0000000088a00000, 0x0000000088a00000|
| 111|0x0000000088b00000, 0x0000000088b00000, 0x0000000088c00000|  0%| F|  |TS  0|AC  0|TAMS 0x0000000088b00000, 0x0000000088b00000|
| 112|0x0000000088c00000, 0x0000000088c00000, 0x0000000088d00000|  0%| F|  |TS  0|AC  0|TAMS 0x0000000088c00000, 0x0000000088c00000|
| 113|0x0000000088d00000, 0x0000000088d00000, 0x0000000088e00000|  0%| F|  |TS  0|AC  0|TAMS 0x0000000088d00000, 0x0000000088d00000|
| 114|0x0000000088e00000, 0x0000000088e00000, 0x0000000088f00000|  0%| F|  |TS  0|AC  0|TAMS 0x0000000088e00000, 0x0000000088e00000|
| 115|0x0000000088f00000, 0x0000000088f00000, 0x0000000089000000|  0%| F|  |TS  0|AC  0|TAMS 0x0000000088f00000, 0x0000000088f00000|
| 116|0x0000000089000000, 0x0000000089000000, 0x0000000089100000|  0%| F|  |TS  0|AC  0|TAMS 0x0000000089000000, 0x0000000089000000|
| 117|0x0000000089100000, 0x0000000089100000, 0x0000000089200000|  0%| F|  |TS  0|AC  0|TAMS 0x0000000089100000, 0x0000000089100000|
| 118|0x0000000089200000, 0x0000000089200000, 0x0000000089300000|  0%| F|  |TS  0|AC  0|TAMS 0x0000000089200000, 0x0000000089200000|
| 119|0x0000000089300000, 0x0000000089300000, 0x0000000089400000|  0%| F|  |TS  0|AC  0|TAMS 0x0000000089300000, 0x0000000089300000|
| 120|0x0000000089400000, 0x0000000089400000, 0x0000000089500000|  0%| F|  |TS  0|AC  0|TAMS 0x0000000089400000, 0x0000000089400000|
| 121|0x0000000089500000, 0x0000000089500000, 0x0000000089600000|  0%| F|  |TS  0|AC  0|TAMS 0x0000000089500000, 0x0000000089500000|
| 122|0x0000000089600000, 0x0000000089600000, 0x0000000089700000|  0%| F|  |TS  0|AC  0|TAMS 0x0000000089600000, 0x0000000089600000|
| 123|0x0000000089700000, 0x0000000089700000, 0x0000000089800000|  0%| F|  |TS  0|AC  0|TAMS 0x0000000089700000, 0x0000000089700000|
| 124|0x0000000089800000, 0x0000000089848330, 0x0000000089900000| 28%| E|  |TS  0|AC  0|TAMS 0x0000000089800000, 0x0000000089800000|
| 125|0x0000000089900000, 0x0000000089a00000, 0x0000000089a00000|100%| E|CS|TS  0|AC  0|TAMS 0x0000000089900000, 0x0000000089900000|
| 126|0x0000000089a00000, 0x0000000089b00000, 0x0000000089b00000|100%| E|CS|TS  0|AC  0|TAMS 0x0000000089a00000, 0x0000000089a00000|
| 127|0x0000000089b00000, 0x0000000089c00000, 0x0000000089c00000|100%| E|CS|TS  0|AC  0|TAMS 0x0000000089b00000, 0x0000000089b00000|

Card table byte_map: [0x000002a2d0220000,0x000002a2d0620000] byte_map_base: 0x000002a2cfe12000

Marking Bits (Prev, Next): (CMBitMap*) 0x000002a2b44bd870, (CMBitMap*) 0x000002a2b44bd8a8
 Prev Bits: [0x000002a2d0a20000, 0x000002a2d29b0000)
 Next Bits: [0x000002a2d29b0000, 0x000002a2d4940000)

Polling page: 0x000002a2b43c0000

CodeHeap 'non-profiled nmethods': size=120064Kb used=57Kb max_used=57Kb free=120006Kb
 bounds [0x000002a2c7eb0000, 0x000002a2c8120000, 0x000002a2cf3f0000]
CodeHeap 'profiled nmethods': size=120000Kb used=279Kb max_used=279Kb free=119720Kb
 bounds [0x000002a2c0980000, 0x000002a2c0bf0000, 0x000002a2c7eb0000]
CodeHeap 'non-nmethods': size=5696Kb used=1165Kb max_used=1175Kb free=4530Kb
 bounds [0x000002a2c03f0000, 0x000002a2c0660000, 0x000002a2c0980000]
 total_blobs=565 nmethods=211 adapters=207
 compilation: enabled

Compilation events (10 events):
Event: 0.653 Thread 0x000002a2d78b1000  206       3       java.util.TreeMap::parentOf (13 bytes)
Event: 0.653 Thread 0x000002a2d78b1000 nmethod 206 0x000002a2c09c4590 code [0x000002a2c09c4740, 0x000002a2c09c48d8]
Event: 0.659 Thread 0x000002a2d78b1000  208       3       java.lang.String::charAt (25 bytes)
Event: 0.660 Thread 0x000002a2d78b1000 nmethod 208 0x000002a2c09c4990 code [0x000002a2c09c4ba0, 0x000002a2c09c5120]
Event: 0.660 Thread 0x000002a2d78b1000  209       1       java.nio.Buffer::position (5 bytes)
Event: 0.660 Thread 0x000002a2d78b1000 nmethod 209 0x000002a2c7ebe290 code [0x000002a2c7ebe440, 0x000002a2c7ebe558]
Event: 0.660 Thread 0x000002a2d78b1000  210       3       java.lang.String::lastIndexOf (29 bytes)
Event: 0.660 Thread 0x000002a2d78b1000 nmethod 210 0x000002a2c09c5390 code [0x000002a2c09c5560, 0x000002a2c09c5860]
Event: 44.236 Thread 0x000002a2d78b1000  211       3       java.lang.String::startsWith (7 bytes)
Event: 44.236 Thread 0x000002a2d78b1000 nmethod 211 0x000002a2c09c5990 code [0x000002a2c09c5b40, 0x000002a2c09c5d70]

GC Heap History (0 events):
No events

Deoptimization events (1 events):
Event: 0.659 Thread 0x000002a2b4432000 Uncommon trap: reason=unstable_if action=reinterpret pc=0x000002a2c7ebbb7c method=java.lang.String.charAt(I)C @ 4 c2

Classes redefined (2 events):
Event: 81.797 Thread 0x000002a2d77de000 redefined class name=com.company.Main, count=1
Event: 167.317 Thread 0x000002a2d77de000 redefined class name=com.company.Main, count=2

Internal exceptions (0 events):
No events

Events (10 events):
Event: 167.319 Executing VM operation: GetFrameCount done
Event: 167.319 Executing VM operation: GetFrameLocation
Event: 167.320 Executing VM operation: GetFrameLocation done
Event: 167.355 Executing VM operation: ChangeBreakpoints
Event: 167.355 Executing VM operation: ChangeBreakpoints done
Event: 167.357 Executing VM operation: ChangeBreakpoints
Event: 167.357 Executing VM operation: ChangeBreakpoints done
Event: 167.361 Executing VM operation: ChangeBreakpoints
Event: 167.362 Executing VM operation: ChangeBreakpoints done
Event: 167.449 Executing VM operation: GetOrSetLocal


Dynamic libraries:
0x00007ff605af0000 - 0x00007ff605b2e000 	C:\Program Files\Java\jdk-9.0.4\bin\java.exe
0x00007ffec2f70000 - 0x00007ffec3151000 	C:\WINDOWS\SYSTEM32\ntdll.dll
0x00007ffec1260000 - 0x00007ffec1311000 	C:\WINDOWS\System32\KERNEL32.DLL
0x00007ffec0180000 - 0x00007ffec03f3000 	C:\WINDOWS\System32\KERNELBASE.dll
0x00007ffec1970000 - 0x00007ffec1a11000 	C:\WINDOWS\System32\ADVAPI32.dll
0x00007ffec04e0000 - 0x00007ffec057e000 	C:\WINDOWS\System32\msvcrt.dll
0x00007ffec1890000 - 0x00007ffec18eb000 	C:\WINDOWS\System32\sechost.dll
0x00007ffec13b0000 - 0x00007ffec14d4000 	C:\WINDOWS\System32\RPCRT4.dll
0x00007ffec14e0000 - 0x00007ffec1670000 	C:\WINDOWS\System32\USER32.dll
0x00007ffebfdf0000 - 0x00007ffebfe10000 	C:\WINDOWS\System32\win32u.dll
0x00007ffec2e60000 - 0x00007ffec2e88000 	C:\WINDOWS\System32\GDI32.dll
0x00007ffebff10000 - 0x00007ffec00a2000 	C:\WINDOWS\System32\gdi32full.dll
0x00007ffebfcf0000 - 0x00007ffebfd8f000 	C:\WINDOWS\System32\msvcp_win.dll
0x00007ffebfe10000 - 0x00007ffebff08000 	C:\WINDOWS\System32\ucrtbase.dll
0x00007ffeb94d0000 - 0x00007ffeb9739000 	C:\WINDOWS\WinSxS\amd64_microsoft.windows.common-controls_6595b64144ccf1df_6.0.17134.706_none_fb43a2cb30647007\COMCTL32.dll
0x00007ffec0e50000 - 0x00007ffec1172000 	C:\WINDOWS\System32\combase.dll
0x00007ffec0100000 - 0x00007ffec017a000 	C:\WINDOWS\System32\bcryptPrimitives.dll
0x00007ffeb97a0000 - 0x00007ffeb97aa000 	C:\WINDOWS\SYSTEM32\VERSION.dll
0x00007ffec1380000 - 0x00007ffec13ad000 	C:\WINDOWS\System32\IMM32.DLL
0x00007ffea8c00000 - 0x00007ffea8cef000 	C:\Program Files\Java\jdk-9.0.4\bin\msvcr120.dll
0x00007ffeada70000 - 0x00007ffeadb16000 	C:\Program Files\Java\jdk-9.0.4\bin\msvcp120.dll
0x0000000067890000 - 0x00000000682b5000 	C:\Program Files\Java\jdk-9.0.4\bin\server\jvm.dll
0x00007ffec0e40000 - 0x00007ffec0e48000 	C:\WINDOWS\System32\PSAPI.DLL
0x00007ffebd640000 - 0x00007ffebd649000 	C:\WINDOWS\SYSTEM32\WSOCK32.dll
0x00007ffec0580000 - 0x00007ffec05ec000 	C:\WINDOWS\System32\WS2_32.dll
0x00007ffeb8120000 - 0x00007ffeb8143000 	C:\WINDOWS\SYSTEM32\WINMM.dll
0x00007ffeb80f0000 - 0x00007ffeb811a000 	C:\WINDOWS\SYSTEM32\WINMMBASE.dll
0x00007ffec00b0000 - 0x00007ffec00f9000 	C:\WINDOWS\System32\cfgmgr32.dll
0x00007ffebd650000 - 0x00007ffebd65f000 	C:\Program Files\Java\jdk-9.0.4\bin\verify.dll
0x00007ffebb4f0000 - 0x00007ffebb517000 	C:\Program Files\Java\jdk-9.0.4\bin\java.dll
0x00007ffea9770000 - 0x00007ffea97a6000 	C:\Program Files\Java\jdk-9.0.4\bin\jdwp.dll
0x00007ffeaeb70000 - 0x00007ffeaeb9a000 	C:\Program Files\Java\jdk-9.0.4\bin\instrument.dll
0x00007ffeaeb50000 - 0x00007ffeaeb66000 	C:\Program Files\Java\jdk-9.0.4\bin\zip.dll
0x00007ffeb5b30000 - 0x00007ffeb5b3a000 	C:\Program Files\Java\jdk-9.0.4\bin\jimage.dll
0x00007ffec1a20000 - 0x00007ffec2e60000 	C:\WINDOWS\System32\SHELL32.dll
0x00007ffec2e90000 - 0x00007ffec2f39000 	C:\WINDOWS\System32\shcore.dll
0x00007ffebf3f0000 - 0x00007ffebfafd000 	C:\WINDOWS\System32\windows.storage.dll
0x00007ffec1200000 - 0x00007ffec1251000 	C:\WINDOWS\System32\shlwapi.dll
0x00007ffebf320000 - 0x00007ffebf331000 	C:\WINDOWS\System32\kernel.appcore.dll
0x00007ffebf300000 - 0x00007ffebf31f000 	C:\WINDOWS\System32\profapi.dll
0x00007ffebf2b0000 - 0x00007ffebf2fc000 	C:\WINDOWS\System32\powrprof.dll
0x00007ffebf280000 - 0x00007ffebf28a000 	C:\WINDOWS\System32\FLTLIB.DLL
0x00007ffeaead0000 - 0x00007ffeaeaea000 	C:\Program Files\Java\jdk-9.0.4\bin\net.dll
0x00007ffebca20000 - 0x00007ffebcafd000 	C:\WINDOWS\SYSTEM32\WINHTTP.dll
0x00007ffebeaa0000 - 0x00007ffebeb06000 	C:\WINDOWS\system32\mswsock.dll
0x00007ffeae9d0000 - 0x00007ffeae9e1000 	C:\Program Files\Java\jdk-9.0.4\bin\nio.dll
0x00007ffeae2e0000 - 0x00007ffeae2ea000 	C:\Program Files\Java\jdk-9.0.4\bin\dt_socket.dll
0x00007ffeb5e50000 - 0x00007ffeb6019000 	C:\WINDOWS\SYSTEM32\dbghelp.dll

VM Arguments:
jvm_args: -agentlib:jdwp=transport=dt_socket,address=127.0.0.1:62524,suspend=y,server=n -javaagent:C:\Users\stu\.IdeaIC2017.3\system\captureAgent\debugger-agent.jar=C:\Users\stu\AppData\Local\Temp\capture.props -Dfile.encoding=UTF-8 
java_command: com.company.Main
java_class_path (initial): C:\Users\stu\Desktop\jjjjava\targil 14 7\out\production\targil 14 7;C:\Program Files\JetBrains\IntelliJ IDEA Community Edition 2017.3.3\lib\idea_rt.jar
Launcher Type: SUN_STANDARD

Logging:
Log output configuration:
#0: stdout all=warning uptime,level,tags
#1: stderr all=off uptime,level,tags

Environment Variables:
PATH=C:\ProgramData\Oracle\Java\javapath;C:\WINDOWS\system32;C:\WINDOWS;C:\WINDOWS\System32\Wbem;C:\WINDOWS\System32\WindowsPowerShell\v1.0\;C:\Program Files\PuTTY\;C:\Program Files\Git\cmd;C:\Program Files (x86)\Microsoft SQL Server\Client SDK\ODBC\130\Tools\Binn\;C:\Program Files (x86)\Microsoft SQL Server\140\Tools\Binn\;C:\Program Files (x86)\Microsoft SQL Server\140\DTS\Binn\;C:\Program Files (x86)\Microsoft SQL Server\140\Tools\Binn\ManagementStudio\;C:\Program Files\nodejs\;C:\WINDOWS\System32\OpenSSH\;C:\Users\stu\AppData\Local\Microsoft\WindowsApps;C:\Users\stu\AppData\Roaming\npm;
USERNAME=stu
OS=Windows_NT
PROCESSOR_IDENTIFIER=Intel64 Family 6 Model 94 Stepping 3, GenuineIntel



---------------  S Y S T E M  ---------------

OS: Windows 10 , 64 bit Build 17134 (10.0.17134.706)

CPU:total 4 (initial active 4) (4 cores per cpu, 1 threads per core) family 6 model 94 stepping 3, cmov, cx8, fxsr, mmx, sse, sse2, sse3, ssse3, sse4.1, sse4.2, popcnt, avx, avx2, aes, clmul, erms, rtm, 3dnowpref, lzcnt, tsc, tscinvbit, bmi1, bmi2, adx, fma

Memory: 4k page, physical 8266168k(3726216k free), swap 12984760k(5028676k free)

vm_info: Java HotSpot(TM) 64-Bit Server VM (9.0.4+11) for windows-amd64 JRE (9.0.4+11), built on Dec 20 2017 02:18:54 by "mach5one" with MS VC++ 12.0 (VS2013)

END.
